<?xml version="1.0" encoding="UTF-8"?>
<!-- Generated by org.testng.reporters.JUnitReportReporter -->
<testsuite hostname="DESKTOP-DPEJLF7" failures="0" tests="1" name="TestngScripts.TitleCompare" time="7.903" errors="0" timestamp="2023-07-17T10:52:40 IST" skipped="0">
  <testcase classname="TestngScripts.TitleCompare" name="titlecompare" time="7.903">
    <system-out>
      <![CDATA[Title is matching]]>
    </system-out>
  </testcase> <!-- titlecompare -->
  <system-out>
    <![CDATA[Title is matching]]>
  </system-out>
</testsuite> <!-- TestngScripts.TitleCompare -->
