<?xml version="1.0" encoding="UTF-8"?>
<!-- Generated by org.testng.reporters.JUnitReportReporter -->
<testsuite hostname="DESKTOP-DPEJLF7" failures="0" tests="8" name="TestngScripts.CreateCustomer" time="0.044" errors="0" timestamp="2023-07-12T11:12:43 IST" skipped="0">
  <testcase classname="TestngScripts.CreateCustomer" name="modifycustomer" time="0.026">
    <system-out>
      <![CDATA[Customer Modified]]>
    </system-out>
  </testcase> <!-- modifycustomer -->
  <testcase classname="TestngScripts.CreateCustomer" name="editCustomer" time="0.003">
    <system-out>
      <![CDATA[Customer Edited]]>
    </system-out>
  </testcase> <!-- editCustomer -->
  <testcase classname="TestngScripts.CreateCustomer" name="createcustomer" time="0.003">
    <system-out>
      <![CDATA[customer created]]>
    </system-out>
  </testcase> <!-- createcustomer -->
  <testcase classname="TestngScripts.CreateCustomer" name="createcustomer" time="0.002">
    <system-out>
      <![CDATA[customer created]]>
    </system-out>
  </testcase> <!-- createcustomer -->
  <testcase classname="TestngScripts.CreateCustomer" name="createcustomer" time="0.003">
    <system-out>
      <![CDATA[customer created]]>
    </system-out>
  </testcase> <!-- createcustomer -->
  <testcase classname="TestngScripts.CreateCustomer" name="createcustomer" time="0.002">
    <system-out>
      <![CDATA[customer created]]>
    </system-out>
  </testcase> <!-- createcustomer -->
  <testcase classname="TestngScripts.CreateCustomer" name="createcustomer" time="0.002">
    <system-out>
      <![CDATA[customer created]]>
    </system-out>
  </testcase> <!-- createcustomer -->
  <testcase classname="TestngScripts.CreateCustomer" name="deleteCustomer" time="0.003">
    <system-out>
      <![CDATA[Customer Deleted]]>
    </system-out>
  </testcase> <!-- deleteCustomer -->
  <system-out>
    <![CDATA[Customer Modified
Customer Edited
customer created
customer created
customer created
customer created
customer created
Customer Deleted]]>
  </system-out>
</testsuite> <!-- TestngScripts.CreateCustomer -->
