<?xml version="1.0" encoding="UTF-8"?>
<!-- Generated by org.testng.reporters.JUnitReportReporter -->
<testsuite hostname="DESKTOP-DPEJLF7" failures="0" tests="1" name="TestngScripts.Annotation" time="0.015" errors="0" timestamp="2023-07-14T10:20:08 IST" skipped="0">
  <testcase classname="TestngScripts.Annotation" name="createcustomer" time="0.015">
    <system-out>
      <![CDATA[customer created succefully]]>
    </system-out>
  </testcase> <!-- createcustomer -->
  <system-out>
    <![CDATA[database connected
browser is launched
logged in succefully
customer created succefully
logout succefully
broweser closed succefully]]>
  </system-out>
</testsuite> <!-- TestngScripts.Annotation -->
